page 20340
/bbs/Gossiping/M.1495130321.A.682.html download to ptt/Gossiping/20340_0.txt, time: 5.760000
/bbs/Gossiping/M.1495130331.A.21E.html download to ptt/Gossiping/20340_1.txt, time: 8.630000
/bbs/Gossiping/M.1495130332.A.7FD.html download to ptt/Gossiping/20340_2.txt, time: 4.110000
/bbs/Gossiping/M.1495130370.A.B4A.html download to ptt/Gossiping/20340_3.txt, time: 4.740000
/bbs/Gossiping/M.1495130430.A.F34.html download to ptt/Gossiping/20340_4.txt, time: 4.440000
/bbs/Gossiping/M.1495130479.A.660.html download to ptt/Gossiping/20340_5.txt, time: 4.030000
/bbs/Gossiping/M.1495130486.A.3DA.html download to ptt/Gossiping/20340_6.txt, time: 4.400000
/bbs/Gossiping/M.1495130616.A.6D8.html download to ptt/Gossiping/20340_7.txt, time: 6.640000
/bbs/Gossiping/M.1495130637.A.287.html download to ptt/Gossiping/20340_8.txt, time: 6.390000
/bbs/Gossiping/M.1495130670.A.E52.html download to ptt/Gossiping/20340_9.txt, time: 3.700000
/bbs/Gossiping/M.1495130790.A.017.html download to ptt/Gossiping/20340_10.txt, time: 5.370000
/bbs/Gossiping/M.1495130813.A.B25.html download to ptt/Gossiping/20340_11.txt, time: 3.530000
/bbs/Gossiping/M.1495130929.A.4ED.html download to ptt/Gossiping/20340_12.txt, time: 5.940000
/bbs/Gossiping/M.1495130970.A.5DA.html download to ptt/Gossiping/20340_13.txt, time: 6.030000
/bbs/Gossiping/M.1495130973.A.175.html download to ptt/Gossiping/20340_14.txt, time: 4.130000
/bbs/Gossiping/M.1495131040.A.74D.html download to ptt/Gossiping/20340_15.txt, time: 3.990000
/bbs/Gossiping/M.1495131064.A.37E.html download to ptt/Gossiping/20340_16.txt, time: 3.480000
/bbs/Gossiping/M.1495131101.A.A07.html download to ptt/Gossiping/20340_17.txt, time: 4.750000
/bbs/Gossiping/M.1495131112.A.AD8.html download to ptt/Gossiping/20340_18.txt, time: 4.510000
/bbs/Gossiping/M.1495131152.A.80F.html download to ptt/Gossiping/20340_19.txt, time: 3.930000
page 20339
/bbs/Gossiping/M.1495129544.A.DFD.html download to ptt/Gossiping/20339_0.txt, time: 6.230000
/bbs/Gossiping/M.1495129548.A.E24.html download to ptt/Gossiping/20339_1.txt, time: 5.440000
/bbs/Gossiping/M.1495129593.A.ED4.html download to ptt/Gossiping/20339_2.txt, time: 6.960000
/bbs/Gossiping/M.1495129605.A.829.html download to ptt/Gossiping/20339_3.txt, time: 4.550000
/bbs/Gossiping/M.1495129606.A.9C6.html download to ptt/Gossiping/20339_4.txt, time: 5.050000
/bbs/Gossiping/M.1495129632.A.85C.html download to ptt/Gossiping/20339_5.txt, time: 4.280000
/bbs/Gossiping/M.1495129653.A.ED5.html download to ptt/Gossiping/20339_6.txt, time: 3.980000
/bbs/Gossiping/M.1495129716.A.93C.html download to ptt/Gossiping/20339_7.txt, time: 4.300000
/bbs/Gossiping/M.1495129726.A.712.html download to ptt/Gossiping/20339_8.txt, time: 5.830000
/bbs/Gossiping/M.1495129740.A.2FF.html download to ptt/Gossiping/20339_9.txt, time: 3.020000
/bbs/Gossiping/M.1495129893.A.4B8.html download to ptt/Gossiping/20339_10.txt, time: 5.000000
/bbs/Gossiping/M.1495129927.A.9D0.html download to ptt/Gossiping/20339_11.txt, time: 4.900000
/bbs/Gossiping/M.1495129936.A.1C5.html download to ptt/Gossiping/20339_12.txt, time: 5.000000
/bbs/Gossiping/M.1495129962.A.8CB.html download to ptt/Gossiping/20339_13.txt, time: 5.200000
/bbs/Gossiping/M.1495130046.A.97A.html download to ptt/Gossiping/20339_14.txt, time: 4.970000
/bbs/Gossiping/M.1495130059.A.F9E.html download to ptt/Gossiping/20339_15.txt, time: 4.550000
/bbs/Gossiping/M.1495130062.A.EE5.html download to ptt/Gossiping/20339_16.txt, time: 5.290000
/bbs/Gossiping/M.1495130275.A.725.html download to ptt/Gossiping/20339_17.txt, time: 7.150000
/bbs/Gossiping/M.1495130291.A.ED3.html download to ptt/Gossiping/20339_18.txt, time: 6.280000
/bbs/Gossiping/M.1495130296.A.A3C.html download to ptt/Gossiping/20339_19.txt, time: 10.370000
page 20338
/bbs/Gossiping/M.1495128465.A.7B5.html download to ptt/Gossiping/20338_0.txt, time: 5.360000
/bbs/Gossiping/M.1495128705.A.DF1.html download to ptt/Gossiping/20338_1.txt, time: 4.290000
/bbs/Gossiping/M.1495128728.A.B87.html download to ptt/Gossiping/20338_2.txt, time: 11.380000
/bbs/Gossiping/M.1495128759.A.1E2.html download to ptt/Gossiping/20338_3.txt, time: 6.530000
/bbs/Gossiping/M.1495128812.A.0BC.html download to ptt/Gossiping/20338_4.txt, time: 6.300000
/bbs/Gossiping/M.1495128845.A.ED4.html download to ptt/Gossiping/20338_5.txt, time: 9.940000
/bbs/Gossiping/M.1495128953.A.303.htmlTraceback (most recent call last):
  File "/home/studentyl/anaconda3/lib/python3.6/site-packages/requests/packages/urllib3/contrib/pyopenssl.py", line 438, in wrap_socket
    cnx.do_handshake()
  File "/home/studentyl/anaconda3/lib/python3.6/site-packages/OpenSSL/SSL.py", line 1426, in do_handshake
    self._raise_ssl_error(self._ssl, result)
  File "/home/studentyl/anaconda3/lib/python3.6/site-packages/OpenSSL/SSL.py", line 1167, in _raise_ssl_error
    raise SysCallError(-1, "Unexpected EOF")
OpenSSL.SSL.SysCallError: (-1, 'Unexpected EOF')

During handling of the above exception, another exception occurred:

Traceback (most recent call last):
  File "/home/studentyl/anaconda3/lib/python3.6/site-packages/requests/packages/urllib3/connectionpool.py", line 600, in urlopen
    chunked=chunked)
  File "/home/studentyl/anaconda3/lib/python3.6/site-packages/requests/packages/urllib3/connectionpool.py", line 345, in _make_request
    self._validate_conn(conn)
  File "/home/studentyl/anaconda3/lib/python3.6/site-packages/requests/packages/urllib3/connectionpool.py", line 844, in _validate_conn
    conn.connect()
  File "/home/studentyl/anaconda3/lib/python3.6/site-packages/requests/packages/urllib3/connection.py", line 326, in connect
    ssl_context=context)
  File "/home/studentyl/anaconda3/lib/python3.6/site-packages/requests/packages/urllib3/util/ssl_.py", line 325, in ssl_wrap_socket
    return context.wrap_socket(sock, server_hostname=server_hostname)
  File "/home/studentyl/anaconda3/lib/python3.6/site-packages/requests/packages/urllib3/contrib/pyopenssl.py", line 445, in wrap_socket
    raise ssl.SSLError('bad handshake: %r' % e)
ssl.SSLError: ("bad handshake: SysCallError(-1, 'Unexpected EOF')",)

During handling of the above exception, another exception occurred:

Traceback (most recent call last):
  File "/home/studentyl/anaconda3/lib/python3.6/site-packages/requests/adapters.py", line 438, in send
    timeout=timeout
  File "/home/studentyl/anaconda3/lib/python3.6/site-packages/requests/packages/urllib3/connectionpool.py", line 630, in urlopen
    raise SSLError(e)
requests.packages.urllib3.exceptions.SSLError: ("bad handshake: SysCallError(-1, 'Unexpected EOF')",)

During handling of the above exception, another exception occurred:

Traceback (most recent call last):
  File "./crawler.py", line 177, in <module>
    main(sys.argv[1:])
  File "./crawler.py", line 158, in main
    downloadForum(forumName, startPage, pages)
  File "./crawler.py", line 140, in downloadForum
    downloadPage(str(articleCount), forumName, pageNum, 'https://www.ptt.cc'+link)
  File "./crawler.py", line 82, in downloadPage
    pageText = getPageText(link)
  File "./crawler.py", line 13, in getPageText
    pageText=requests.get(link, cookies={'over18':'1'}).text
  File "/home/studentyl/anaconda3/lib/python3.6/site-packages/requests/api.py", line 72, in get
    return request('get', url, params=params, **kwargs)
  File "/home/studentyl/anaconda3/lib/python3.6/site-packages/requests/api.py", line 58, in request
    return session.request(method=method, url=url, **kwargs)
  File "/home/studentyl/anaconda3/lib/python3.6/site-packages/requests/sessions.py", line 518, in request
    resp = self.send(prep, **send_kwargs)
  File "/home/studentyl/anaconda3/lib/python3.6/site-packages/requests/sessions.py", line 639, in send
    r = adapter.send(request, **kwargs)
  File "/home/studentyl/anaconda3/lib/python3.6/site-packages/requests/adapters.py", line 512, in send
    raise SSLError(e, request=request)
requests.exceptions.SSLError: ("bad handshake: SysCallError(-1, 'Unexpected EOF')",)
