page 20750
/bbs/Gossiping/M.1495443016.A.69E.html download to ptt/Gossiping/20750_0.txt, time: 9.120000
/bbs/Gossiping/M.1495443027.A.89B.html download to ptt/Gossiping/20750_1.txt, time: 5.670000
/bbs/Gossiping/M.1495443040.A.745.html download to ptt/Gossiping/20750_2.txt, time: 5.180000
/bbs/Gossiping/M.1495443099.A.C8D.html download to ptt/Gossiping/20750_3.txt, time: 5.540000
/bbs/Gossiping/M.1495443140.A.0E3.html download to ptt/Gossiping/20750_4.txt, time: 5.800000
/bbs/Gossiping/M.1495443149.A.092.html download to ptt/Gossiping/20750_5.txt, time: 4.210000
/bbs/Gossiping/M.1495443205.A.D28.html download to ptt/Gossiping/20750_6.txt, time: 6.950000
/bbs/Gossiping/M.1495443227.A.E93.html download to ptt/Gossiping/20750_7.txt, time: 5.330000
/bbs/Gossiping/M.1495443239.A.368.html download to ptt/Gossiping/20750_8.txt, time: 4.350000
/bbs/Gossiping/M.1495443343.A.72D.html download to ptt/Gossiping/20750_9.txt, time: 4.930000
/bbs/Gossiping/M.1495443355.A.6A8.html download to ptt/Gossiping/20750_10.txt, time: 5.780000
/bbs/Gossiping/M.1495443390.A.3C8.html download to ptt/Gossiping/20750_11.txt, time: 4.010000
/bbs/Gossiping/M.1495443396.A.91C.html download to ptt/Gossiping/20750_12.txt, time: 4.790000
/bbs/Gossiping/M.1495443413.A.115.html download to ptt/Gossiping/20750_13.txt, time: 5.130000
/bbs/Gossiping/M.1495443442.A.619.html download to ptt/Gossiping/20750_14.txt, time: 5.260000
/bbs/Gossiping/M.1495443492.A.04C.html download to ptt/Gossiping/20750_15.txt, time: 3.430000
/bbs/Gossiping/M.1495443520.A.3B9.html download to ptt/Gossiping/20750_16.txt, time: 4.160000
/bbs/Gossiping/M.1495443612.A.FDB.html download to ptt/Gossiping/20750_17.txt, time: 4.010000
/bbs/Gossiping/M.1495443620.A.B10.html download to ptt/Gossiping/20750_18.txt, time: 4.000000
/bbs/Gossiping/M.1495443663.A.4C1.html download to ptt/Gossiping/20750_19.txt, time: 4.670000
page 20749
/bbs/Gossiping/M.1495442327.A.B2B.html download to ptt/Gossiping/20749_0.txt, time: 4.590000
/bbs/Gossiping/M.1495442374.A.A68.html download to ptt/Gossiping/20749_1.txt, time: 7.000000
empty download to ptt/Gossiping/20749_2.txt, time: 0.000000
/bbs/Gossiping/M.1495442394.A.742.html download to ptt/Gossiping/20749_3.txt, time: 5.880000
/bbs/Gossiping/M.1495442397.A.E78.html download to ptt/Gossiping/20749_4.txt, time: 3.690000
/bbs/Gossiping/M.1495442398.A.D68.html download to ptt/Gossiping/20749_5.txt, time: 4.460000
/bbs/Gossiping/M.1495442398.A.51A.html download to ptt/Gossiping/20749_6.txt, time: 4.020000
/bbs/Gossiping/M.1495442448.A.F2A.html download to ptt/Gossiping/20749_7.txt, time: 6.240000
/bbs/Gossiping/M.1495442522.A.669.html download to ptt/Gossiping/20749_8.txt, time: 4.630000
/bbs/Gossiping/M.1495442525.A.51D.html download to ptt/Gossiping/20749_9.txt, time: 3.860000
/bbs/Gossiping/M.1495442569.A.CEB.html download to ptt/Gossiping/20749_10.txt, time: 5.220000
/bbs/Gossiping/M.1495442640.A.B17.html download to ptt/Gossiping/20749_11.txt, time: 6.010000
/bbs/Gossiping/M.1495442663.A.7FF.html download to ptt/Gossiping/20749_12.txt, time: 2.990000
/bbs/Gossiping/M.1495442750.A.A23.html download to ptt/Gossiping/20749_13.txt, time: 6.240000
/bbs/Gossiping/M.1495442762.A.340.html download to ptt/Gossiping/20749_14.txt, time: 5.020000
/bbs/Gossiping/M.1495442842.A.FA8.html download to ptt/Gossiping/20749_15.txt, time: 4.340000
/bbs/Gossiping/M.1495442859.A.BA1.html download to ptt/Gossiping/20749_16.txt, time: 7.710000
/bbs/Gossiping/M.1495442904.A.339.html download to ptt/Gossiping/20749_17.txt, time: 5.180000
/bbs/Gossiping/M.1495442944.A.C7F.html download to ptt/Gossiping/20749_18.txt, time: 4.150000
/bbs/Gossiping/M.1495442966.A.2BB.html download to ptt/Gossiping/20749_19.txt, time: 4.610000
page 20748
/bbs/Gossiping/M.1495441889.A.36C.html download to ptt/Gossiping/20748_0.txt, time: 5.530000
/bbs/Gossiping/M.1495441893.A.B48.html download to ptt/Gossiping/20748_1.txt, time: 3.970000
/bbs/Gossiping/M.1495441925.A.5F9.html download to ptt/Gossiping/20748_2.txt, time: 7.580000
/bbs/Gossiping/M.1495441927.A.EB5.html download to ptt/Gossiping/20748_3.txt, time: 6.430000
/bbs/Gossiping/M.1495441928.A.D6F.html download to ptt/Gossiping/20748_4.txt, time: 6.390000
/bbs/Gossiping/M.1495441937.A.B75.html download to ptt/Gossiping/20748_5.txt, time: 8.060000
/bbs/Gossiping/M.1495441973.A.6BA.html download to ptt/Gossiping/20748_6.txt, time: 8.800000
/bbs/Gossiping/M.1495441986.A.D5D.html download to ptt/Gossiping/20748_7.txt, time: 5.800000
/bbs/Gossiping/M.1495442004.A.04C.html download to ptt/Gossiping/20748_8.txt, time: 3.720000
/bbs/Gossiping/M.1495442032.A.E1A.html download to ptt/Gossiping/20748_9.txt, time: 5.820000
/bbs/Gossiping/M.1495442036.A.8B0.htmlTraceback (most recent call last):
  File "/home/studentyl/anaconda3/lib/python3.6/site-packages/requests/packages/urllib3/contrib/pyopenssl.py", line 438, in wrap_socket
    cnx.do_handshake()
  File "/home/studentyl/anaconda3/lib/python3.6/site-packages/OpenSSL/SSL.py", line 1426, in do_handshake
    self._raise_ssl_error(self._ssl, result)
  File "/home/studentyl/anaconda3/lib/python3.6/site-packages/OpenSSL/SSL.py", line 1167, in _raise_ssl_error
    raise SysCallError(-1, "Unexpected EOF")
OpenSSL.SSL.SysCallError: (-1, 'Unexpected EOF')

During handling of the above exception, another exception occurred:

Traceback (most recent call last):
  File "/home/studentyl/anaconda3/lib/python3.6/site-packages/requests/packages/urllib3/connectionpool.py", line 600, in urlopen
    chunked=chunked)
  File "/home/studentyl/anaconda3/lib/python3.6/site-packages/requests/packages/urllib3/connectionpool.py", line 345, in _make_request
    self._validate_conn(conn)
  File "/home/studentyl/anaconda3/lib/python3.6/site-packages/requests/packages/urllib3/connectionpool.py", line 844, in _validate_conn
    conn.connect()
  File "/home/studentyl/anaconda3/lib/python3.6/site-packages/requests/packages/urllib3/connection.py", line 326, in connect
    ssl_context=context)
  File "/home/studentyl/anaconda3/lib/python3.6/site-packages/requests/packages/urllib3/util/ssl_.py", line 325, in ssl_wrap_socket
    return context.wrap_socket(sock, server_hostname=server_hostname)
  File "/home/studentyl/anaconda3/lib/python3.6/site-packages/requests/packages/urllib3/contrib/pyopenssl.py", line 445, in wrap_socket
    raise ssl.SSLError('bad handshake: %r' % e)
ssl.SSLError: ("bad handshake: SysCallError(-1, 'Unexpected EOF')",)

During handling of the above exception, another exception occurred:

Traceback (most recent call last):
  File "/home/studentyl/anaconda3/lib/python3.6/site-packages/requests/adapters.py", line 438, in send
    timeout=timeout
  File "/home/studentyl/anaconda3/lib/python3.6/site-packages/requests/packages/urllib3/connectionpool.py", line 630, in urlopen
    raise SSLError(e)
requests.packages.urllib3.exceptions.SSLError: ("bad handshake: SysCallError(-1, 'Unexpected EOF')",)

During handling of the above exception, another exception occurred:

Traceback (most recent call last):
  File "./crawler.py", line 177, in <module>
    main(sys.argv[1:])
  File "./crawler.py", line 158, in main
    downloadForum(forumName, startPage, pages)
  File "./crawler.py", line 140, in downloadForum
    downloadPage(str(articleCount), forumName, pageNum, 'https://www.ptt.cc'+link)
  File "./crawler.py", line 82, in downloadPage
    pageText = getPageText(link)
  File "./crawler.py", line 13, in getPageText
    pageText=requests.get(link, cookies={'over18':'1'}).text
  File "/home/studentyl/anaconda3/lib/python3.6/site-packages/requests/api.py", line 72, in get
    return request('get', url, params=params, **kwargs)
  File "/home/studentyl/anaconda3/lib/python3.6/site-packages/requests/api.py", line 58, in request
    return session.request(method=method, url=url, **kwargs)
  File "/home/studentyl/anaconda3/lib/python3.6/site-packages/requests/sessions.py", line 518, in request
    resp = self.send(prep, **send_kwargs)
  File "/home/studentyl/anaconda3/lib/python3.6/site-packages/requests/sessions.py", line 639, in send
    r = adapter.send(request, **kwargs)
  File "/home/studentyl/anaconda3/lib/python3.6/site-packages/requests/adapters.py", line 512, in send
    raise SSLError(e, request=request)
requests.exceptions.SSLError: ("bad handshake: SysCallError(-1, 'Unexpected EOF')",)
