page 20860
/bbs/Gossiping/M.1495517334.A.BE3.html download to ptt/Gossiping/20860_0.txt, time: 8.750000
/bbs/Gossiping/M.1495517349.A.50D.html download to ptt/Gossiping/20860_1.txt, time: 6.980000
/bbs/Gossiping/M.1495517396.A.474.html download to ptt/Gossiping/20860_2.txt, time: 6.760000
/bbs/Gossiping/M.1495517401.A.4D0.html download to ptt/Gossiping/20860_3.txt, time: 4.240000
/bbs/Gossiping/M.1495517416.A.A91.html download to ptt/Gossiping/20860_4.txt, time: 4.750000
/bbs/Gossiping/M.1495517422.A.59E.html download to ptt/Gossiping/20860_5.txt, time: 4.620000
/bbs/Gossiping/M.1495517422.A.1EA.html download to ptt/Gossiping/20860_6.txt, time: 5.480000
/bbs/Gossiping/M.1495517423.A.519.html download to ptt/Gossiping/20860_7.txt, time: 6.930000
/bbs/Gossiping/M.1495517457.A.D98.html download to ptt/Gossiping/20860_8.txt, time: 4.550000
/bbs/Gossiping/M.1495517536.A.C74.html download to ptt/Gossiping/20860_9.txt, time: 5.300000
/bbs/Gossiping/M.1495517618.A.387.html download to ptt/Gossiping/20860_10.txt, time: 5.220000
/bbs/Gossiping/M.1495517648.A.3A5.html download to ptt/Gossiping/20860_11.txt, time: 6.670000
/bbs/Gossiping/M.1495517679.A.A31.html download to ptt/Gossiping/20860_12.txt, time: 3.940000
/bbs/Gossiping/M.1495517711.A.982.html download to ptt/Gossiping/20860_13.txt, time: 4.500000
/bbs/Gossiping/M.1495517767.A.1A6.html download to ptt/Gossiping/20860_14.txt, time: 4.330000
/bbs/Gossiping/M.1495517768.A.DB6.html download to ptt/Gossiping/20860_15.txt, time: 4.500000
/bbs/Gossiping/M.1495517771.A.19F.html download to ptt/Gossiping/20860_16.txt, time: 3.830000
/bbs/Gossiping/M.1495517796.A.E64.html download to ptt/Gossiping/20860_17.txt, time: 5.250000
/bbs/Gossiping/M.1495517813.A.F8B.html download to ptt/Gossiping/20860_18.txt, time: 6.310000
/bbs/Gossiping/M.1495517816.A.5A3.html download to ptt/Gossiping/20860_19.txt, time: 4.940000
page 20859
/bbs/Gossiping/M.1495516783.A.8B6.html download to ptt/Gossiping/20859_0.txt, time: 4.930000
/bbs/Gossiping/M.1495516784.A.E3A.html download to ptt/Gossiping/20859_1.txt, time: 6.570000
/bbs/Gossiping/M.1495516842.A.040.html download to ptt/Gossiping/20859_2.txt, time: 5.210000
/bbs/Gossiping/M.1495516855.A.7E2.html download to ptt/Gossiping/20859_3.txt, time: 4.090000
/bbs/Gossiping/M.1495516870.A.25E.html download to ptt/Gossiping/20859_4.txt, time: 5.830000
/bbs/Gossiping/M.1495516936.A.38F.html download to ptt/Gossiping/20859_5.txt, time: 3.910000
/bbs/Gossiping/M.1495516961.A.79A.html download to ptt/Gossiping/20859_6.txt, time: 4.640000
/bbs/Gossiping/M.1495516977.A.609.html download to ptt/Gossiping/20859_7.txt, time: 3.520000
/bbs/Gossiping/M.1495517013.A.497.html download to ptt/Gossiping/20859_8.txt, time: 5.320000
/bbs/Gossiping/M.1495517040.A.8AE.html download to ptt/Gossiping/20859_9.txt, time: 5.800000
/bbs/Gossiping/M.1495517072.A.47E.html download to ptt/Gossiping/20859_10.txt, time: 3.580000
/bbs/Gossiping/M.1495517113.A.DDC.html download to ptt/Gossiping/20859_11.txt, time: 5.140000
/bbs/Gossiping/M.1495517120.A.E54.html download to ptt/Gossiping/20859_12.txt, time: 4.590000
/bbs/Gossiping/M.1495517208.A.096.html download to ptt/Gossiping/20859_13.txt, time: 5.170000
/bbs/Gossiping/M.1495517263.A.C50.html download to ptt/Gossiping/20859_14.txt, time: 4.670000
/bbs/Gossiping/M.1495517266.A.6A5.html download to ptt/Gossiping/20859_15.txt, time: 4.530000
/bbs/Gossiping/M.1495517273.A.284.html download to ptt/Gossiping/20859_16.txt, time: 7.680000
/bbs/Gossiping/M.1495517273.A.D86.html download to ptt/Gossiping/20859_17.txt, time: 5.010000
/bbs/Gossiping/M.1495517276.A.84B.html download to ptt/Gossiping/20859_18.txt, time: 5.270000
/bbs/Gossiping/M.1495517323.A.316.html download to ptt/Gossiping/20859_19.txt, time: 6.010000
page 20858
/bbs/Gossiping/M.1495516233.A.6D2.html download to ptt/Gossiping/20858_0.txt, time: 6.400000
/bbs/Gossiping/M.1495516239.A.048.html download to ptt/Gossiping/20858_1.txt, time: 5.430000
/bbs/Gossiping/M.1495516294.A.E51.html download to ptt/Gossiping/20858_2.txt, time: 6.370000
/bbs/Gossiping/M.1495516396.A.3AE.html download to ptt/Gossiping/20858_3.txt, time: 4.800000
/bbs/Gossiping/M.1495516408.A.241.html download to ptt/Gossiping/20858_4.txt, time: 5.690000
/bbs/Gossiping/M.1495516417.A.EC2.html download to ptt/Gossiping/20858_5.txt, time: 3.920000
/bbs/Gossiping/M.1495516439.A.B09.html download to ptt/Gossiping/20858_6.txt, time: 5.550000
/bbs/Gossiping/M.1495516445.A.AD7.htmlTraceback (most recent call last):
  File "/home/studentyl/anaconda3/lib/python3.6/site-packages/requests/packages/urllib3/connectionpool.py", line 600, in urlopen
    chunked=chunked)
  File "/home/studentyl/anaconda3/lib/python3.6/site-packages/requests/packages/urllib3/connectionpool.py", line 386, in _make_request
    six.raise_from(e, None)
  File "<string>", line 2, in raise_from
  File "/home/studentyl/anaconda3/lib/python3.6/site-packages/requests/packages/urllib3/connectionpool.py", line 382, in _make_request
    httplib_response = conn.getresponse()
  File "/home/studentyl/anaconda3/lib/python3.6/http/client.py", line 1331, in getresponse
    response.begin()
  File "/home/studentyl/anaconda3/lib/python3.6/http/client.py", line 297, in begin
    version, status, reason = self._read_status()
  File "/home/studentyl/anaconda3/lib/python3.6/http/client.py", line 266, in _read_status
    raise RemoteDisconnected("Remote end closed connection without"
http.client.RemoteDisconnected: Remote end closed connection without response

During handling of the above exception, another exception occurred:

Traceback (most recent call last):
  File "/home/studentyl/anaconda3/lib/python3.6/site-packages/requests/adapters.py", line 438, in send
    timeout=timeout
  File "/home/studentyl/anaconda3/lib/python3.6/site-packages/requests/packages/urllib3/connectionpool.py", line 649, in urlopen
    _stacktrace=sys.exc_info()[2])
  File "/home/studentyl/anaconda3/lib/python3.6/site-packages/requests/packages/urllib3/util/retry.py", line 357, in increment
    raise six.reraise(type(error), error, _stacktrace)
  File "/home/studentyl/anaconda3/lib/python3.6/site-packages/requests/packages/urllib3/packages/six.py", line 685, in reraise
    raise value.with_traceback(tb)
  File "/home/studentyl/anaconda3/lib/python3.6/site-packages/requests/packages/urllib3/connectionpool.py", line 600, in urlopen
    chunked=chunked)
  File "/home/studentyl/anaconda3/lib/python3.6/site-packages/requests/packages/urllib3/connectionpool.py", line 386, in _make_request
    six.raise_from(e, None)
  File "<string>", line 2, in raise_from
  File "/home/studentyl/anaconda3/lib/python3.6/site-packages/requests/packages/urllib3/connectionpool.py", line 382, in _make_request
    httplib_response = conn.getresponse()
  File "/home/studentyl/anaconda3/lib/python3.6/http/client.py", line 1331, in getresponse
    response.begin()
  File "/home/studentyl/anaconda3/lib/python3.6/http/client.py", line 297, in begin
    version, status, reason = self._read_status()
  File "/home/studentyl/anaconda3/lib/python3.6/http/client.py", line 266, in _read_status
    raise RemoteDisconnected("Remote end closed connection without"
requests.packages.urllib3.exceptions.ProtocolError: ('Connection aborted.', RemoteDisconnected('Remote end closed connection without response',))

During handling of the above exception, another exception occurred:

Traceback (most recent call last):
  File "./crawler.py", line 177, in <module>
    main(sys.argv[1:])
  File "./crawler.py", line 158, in main
    downloadForum(forumName, startPage, pages)
  File "./crawler.py", line 140, in downloadForum
    downloadPage(str(articleCount), forumName, pageNum, 'https://www.ptt.cc'+link)
  File "./crawler.py", line 82, in downloadPage
    pageText = getPageText(link)
  File "./crawler.py", line 13, in getPageText
    pageText=requests.get(link, cookies={'over18':'1'}).text
  File "/home/studentyl/anaconda3/lib/python3.6/site-packages/requests/api.py", line 72, in get
    return request('get', url, params=params, **kwargs)
  File "/home/studentyl/anaconda3/lib/python3.6/site-packages/requests/api.py", line 58, in request
    return session.request(method=method, url=url, **kwargs)
  File "/home/studentyl/anaconda3/lib/python3.6/site-packages/requests/sessions.py", line 518, in request
    resp = self.send(prep, **send_kwargs)
  File "/home/studentyl/anaconda3/lib/python3.6/site-packages/requests/sessions.py", line 639, in send
    r = adapter.send(request, **kwargs)
  File "/home/studentyl/anaconda3/lib/python3.6/site-packages/requests/adapters.py", line 488, in send
    raise ConnectionError(err, request=request)
requests.exceptions.ConnectionError: ('Connection aborted.', RemoteDisconnected('Remote end closed connection without response',))
