page 21310
/bbs/Gossiping/M.1495796701.A.3C3.html download to ptt/Gossiping/21310_0.txt, time: 4.920000
/bbs/Gossiping/M.1495796703.A.9AA.html download to ptt/Gossiping/21310_1.txt, time: 4.990000
/bbs/Gossiping/M.1495796705.A.777.html download to ptt/Gossiping/21310_2.txt, time: 3.140000
/bbs/Gossiping/M.1495796738.A.F49.html download to ptt/Gossiping/21310_3.txt, time: 6.500000
/bbs/Gossiping/M.1495796764.A.1F5.html download to ptt/Gossiping/21310_4.txt, time: 4.160000
/bbs/Gossiping/M.1495796774.A.88D.html download to ptt/Gossiping/21310_5.txt, time: 8.460000
/bbs/Gossiping/M.1495796831.A.B1F.html download to ptt/Gossiping/21310_6.txt, time: 5.590000
/bbs/Gossiping/M.1495796845.A.56C.html download to ptt/Gossiping/21310_7.txt, time: 4.740000
/bbs/Gossiping/M.1495796851.A.517.html download to ptt/Gossiping/21310_8.txt, time: 5.830000
/bbs/Gossiping/M.1495796893.A.4A4.html download to ptt/Gossiping/21310_9.txt, time: 4.300000
/bbs/Gossiping/M.1495796897.A.370.html download to ptt/Gossiping/21310_10.txt, time: 5.010000
/bbs/Gossiping/M.1495796900.A.C75.html download to ptt/Gossiping/21310_11.txt, time: 5.330000
/bbs/Gossiping/M.1495796967.A.BE0.html download to ptt/Gossiping/21310_12.txt, time: 7.190000
/bbs/Gossiping/M.1495796980.A.2CE.html download to ptt/Gossiping/21310_13.txt, time: 4.200000
/bbs/Gossiping/M.1495797045.A.839.html download to ptt/Gossiping/21310_14.txt, time: 3.800000
/bbs/Gossiping/M.1495797080.A.7A2.html download to ptt/Gossiping/21310_15.txt, time: 3.820000
/bbs/Gossiping/M.1495797087.A.5DA.html download to ptt/Gossiping/21310_16.txt, time: 4.500000
/bbs/Gossiping/M.1495797120.A.C1A.html download to ptt/Gossiping/21310_17.txt, time: 4.150000
/bbs/Gossiping/M.1495797154.A.46F.html download to ptt/Gossiping/21310_18.txt, time: 4.820000
/bbs/Gossiping/M.1495797156.A.050.html download to ptt/Gossiping/21310_19.txt, time: 3.380000
page 21309
/bbs/Gossiping/M.1495796282.A.7BA.html download to ptt/Gossiping/21309_0.txt, time: 5.550000
/bbs/Gossiping/M.1495796293.A.BEB.html download to ptt/Gossiping/21309_1.txt, time: 5.860000
/bbs/Gossiping/M.1495796295.A.391.html download to ptt/Gossiping/21309_2.txt, time: 4.190000
/bbs/Gossiping/M.1495796304.A.B9A.html download to ptt/Gossiping/21309_3.txt, time: 4.420000
/bbs/Gossiping/M.1495796405.A.553.html download to ptt/Gossiping/21309_4.txt, time: 5.590000
/bbs/Gossiping/M.1495796427.A.C83.html download to ptt/Gossiping/21309_5.txt, time: 4.770000
/bbs/Gossiping/M.1495796437.A.E0E.html download to ptt/Gossiping/21309_6.txt, time: 6.710000
/bbs/Gossiping/M.1495796454.A.9E4.html download to ptt/Gossiping/21309_7.txt, time: 6.410000
/bbs/Gossiping/M.1495796460.A.153.html download to ptt/Gossiping/21309_8.txt, time: 4.280000
/bbs/Gossiping/M.1495796476.A.3CC.html download to ptt/Gossiping/21309_9.txt, time: 4.280000
/bbs/Gossiping/M.1495796501.A.F4A.html download to ptt/Gossiping/21309_10.txt, time: 4.660000
/bbs/Gossiping/M.1495796529.A.BF4.html download to ptt/Gossiping/21309_11.txt, time: 4.960000
/bbs/Gossiping/M.1495796541.A.B52.html download to ptt/Gossiping/21309_12.txt, time: 4.870000
/bbs/Gossiping/M.1495796548.A.2F1.html download to ptt/Gossiping/21309_13.txt, time: 5.680000
/bbs/Gossiping/M.1495796576.A.9D6.html download to ptt/Gossiping/21309_14.txt, time: 5.120000
/bbs/Gossiping/M.1495796580.A.245.html download to ptt/Gossiping/21309_15.txt, time: 3.900000
/bbs/Gossiping/M.1495796584.A.7AF.html download to ptt/Gossiping/21309_16.txt, time: 5.090000
/bbs/Gossiping/M.1495796604.A.EBC.html download to ptt/Gossiping/21309_17.txt, time: 4.970000
/bbs/Gossiping/M.1495796637.A.06E.html download to ptt/Gossiping/21309_18.txt, time: 4.870000
/bbs/Gossiping/M.1495796682.A.D17.htmlTraceback (most recent call last):
  File "/home/studentyl/anaconda3/lib/python3.6/site-packages/requests/packages/urllib3/contrib/pyopenssl.py", line 438, in wrap_socket
    cnx.do_handshake()
  File "/home/studentyl/anaconda3/lib/python3.6/site-packages/OpenSSL/SSL.py", line 1426, in do_handshake
    self._raise_ssl_error(self._ssl, result)
  File "/home/studentyl/anaconda3/lib/python3.6/site-packages/OpenSSL/SSL.py", line 1167, in _raise_ssl_error
    raise SysCallError(-1, "Unexpected EOF")
OpenSSL.SSL.SysCallError: (-1, 'Unexpected EOF')

During handling of the above exception, another exception occurred:

Traceback (most recent call last):
  File "/home/studentyl/anaconda3/lib/python3.6/site-packages/requests/packages/urllib3/connectionpool.py", line 600, in urlopen
    chunked=chunked)
  File "/home/studentyl/anaconda3/lib/python3.6/site-packages/requests/packages/urllib3/connectionpool.py", line 345, in _make_request
    self._validate_conn(conn)
  File "/home/studentyl/anaconda3/lib/python3.6/site-packages/requests/packages/urllib3/connectionpool.py", line 844, in _validate_conn
    conn.connect()
  File "/home/studentyl/anaconda3/lib/python3.6/site-packages/requests/packages/urllib3/connection.py", line 326, in connect
    ssl_context=context)
  File "/home/studentyl/anaconda3/lib/python3.6/site-packages/requests/packages/urllib3/util/ssl_.py", line 325, in ssl_wrap_socket
    return context.wrap_socket(sock, server_hostname=server_hostname)
  File "/home/studentyl/anaconda3/lib/python3.6/site-packages/requests/packages/urllib3/contrib/pyopenssl.py", line 445, in wrap_socket
    raise ssl.SSLError('bad handshake: %r' % e)
ssl.SSLError: ("bad handshake: SysCallError(-1, 'Unexpected EOF')",)

During handling of the above exception, another exception occurred:

Traceback (most recent call last):
  File "/home/studentyl/anaconda3/lib/python3.6/site-packages/requests/adapters.py", line 438, in send
    timeout=timeout
  File "/home/studentyl/anaconda3/lib/python3.6/site-packages/requests/packages/urllib3/connectionpool.py", line 630, in urlopen
    raise SSLError(e)
requests.packages.urllib3.exceptions.SSLError: ("bad handshake: SysCallError(-1, 'Unexpected EOF')",)

During handling of the above exception, another exception occurred:

Traceback (most recent call last):
  File "./crawler.py", line 177, in <module>
    main(sys.argv[1:])
  File "./crawler.py", line 158, in main
    downloadForum(forumName, startPage, pages)
  File "./crawler.py", line 140, in downloadForum
    downloadPage(str(articleCount), forumName, pageNum, 'https://www.ptt.cc'+link)
  File "./crawler.py", line 82, in downloadPage
    pageText = getPageText(link)
  File "./crawler.py", line 13, in getPageText
    pageText=requests.get(link, cookies={'over18':'1'}).text
  File "/home/studentyl/anaconda3/lib/python3.6/site-packages/requests/api.py", line 72, in get
    return request('get', url, params=params, **kwargs)
  File "/home/studentyl/anaconda3/lib/python3.6/site-packages/requests/api.py", line 58, in request
    return session.request(method=method, url=url, **kwargs)
  File "/home/studentyl/anaconda3/lib/python3.6/site-packages/requests/sessions.py", line 518, in request
    resp = self.send(prep, **send_kwargs)
  File "/home/studentyl/anaconda3/lib/python3.6/site-packages/requests/sessions.py", line 639, in send
    r = adapter.send(request, **kwargs)
  File "/home/studentyl/anaconda3/lib/python3.6/site-packages/requests/adapters.py", line 512, in send
    raise SSLError(e, request=request)
requests.exceptions.SSLError: ("bad handshake: SysCallError(-1, 'Unexpected EOF')",)
