page 21780
/bbs/Gossiping/M.1496127091.A.1A8.html download to ptt/Gossiping/21780_0.txt, time: 4.890000
/bbs/Gossiping/M.1496127116.A.BB7.html download to ptt/Gossiping/21780_1.txt, time: 5.340000
/bbs/Gossiping/M.1496127125.A.0DC.html download to ptt/Gossiping/21780_2.txt, time: 5.060000
/bbs/Gossiping/M.1496127155.A.58F.html download to ptt/Gossiping/21780_3.txt, time: 6.140000
/bbs/Gossiping/M.1496127168.A.562.html download to ptt/Gossiping/21780_4.txt, time: 3.390000
/bbs/Gossiping/M.1496127236.A.D8C.html download to ptt/Gossiping/21780_5.txt, time: 6.820000
/bbs/Gossiping/M.1496127254.A.7C2.html download to ptt/Gossiping/21780_6.txt, time: 5.570000
/bbs/Gossiping/M.1496127259.A.728.html download to ptt/Gossiping/21780_7.txt, time: 4.230000
/bbs/Gossiping/M.1496127269.A.10B.html download to ptt/Gossiping/21780_8.txt, time: 3.240000
/bbs/Gossiping/M.1496127274.A.E5B.html download to ptt/Gossiping/21780_9.txt, time: 3.740000
/bbs/Gossiping/M.1496127276.A.F74.html download to ptt/Gossiping/21780_10.txt, time: 4.790000
/bbs/Gossiping/M.1496127299.A.58F.html download to ptt/Gossiping/21780_11.txt, time: 3.690000
/bbs/Gossiping/M.1496127302.A.368.html download to ptt/Gossiping/21780_12.txt, time: 3.990000
/bbs/Gossiping/M.1496127322.A.196.html download to ptt/Gossiping/21780_13.txt, time: 7.790000
/bbs/Gossiping/M.1496127392.A.2C8.html download to ptt/Gossiping/21780_14.txt, time: 6.190000
/bbs/Gossiping/M.1496127401.A.1FE.html download to ptt/Gossiping/21780_15.txt, time: 4.300000
/bbs/Gossiping/M.1496127415.A.8BF.html download to ptt/Gossiping/21780_16.txt, time: 4.160000
/bbs/Gossiping/M.1496127424.A.04A.html download to ptt/Gossiping/21780_17.txt, time: 4.930000
/bbs/Gossiping/M.1496127438.A.45F.html download to ptt/Gossiping/21780_18.txt, time: 5.480000
/bbs/Gossiping/M.1496127438.A.EC6.html download to ptt/Gossiping/21780_19.txt, time: 4.430000
page 21779
/bbs/Gossiping/M.1496126522.A.2A0.html download to ptt/Gossiping/21779_0.txt, time: 7.860000
/bbs/Gossiping/M.1496126576.A.69C.html download to ptt/Gossiping/21779_1.txt, time: 3.840000
/bbs/Gossiping/M.1496126594.A.614.html download to ptt/Gossiping/21779_2.txt, time: 5.790000
/bbs/Gossiping/M.1496126619.A.F18.html download to ptt/Gossiping/21779_3.txt, time: 4.570000
/bbs/Gossiping/M.1496126633.A.051.html download to ptt/Gossiping/21779_4.txt, time: 4.690000
/bbs/Gossiping/M.1496126653.A.080.html download to ptt/Gossiping/21779_5.txt, time: 5.100000
/bbs/Gossiping/M.1496126684.A.990.html download to ptt/Gossiping/21779_6.txt, time: 5.640000
/bbs/Gossiping/M.1496126684.A.77C.html download to ptt/Gossiping/21779_7.txt, time: 3.450000
/bbs/Gossiping/M.1496126732.A.D89.html download to ptt/Gossiping/21779_8.txt, time: 4.430000
/bbs/Gossiping/M.1496126740.A.816.html download to ptt/Gossiping/21779_9.txt, time: 5.570000
/bbs/Gossiping/M.1496126758.A.015.html download to ptt/Gossiping/21779_10.txt, time: 5.390000
/bbs/Gossiping/M.1496126776.A.B9E.html download to ptt/Gossiping/21779_11.txt, time: 5.500000
/bbs/Gossiping/M.1496126794.A.587.html download to ptt/Gossiping/21779_12.txt, time: 4.330000
/bbs/Gossiping/M.1496126820.A.28F.html download to ptt/Gossiping/21779_13.txt, time: 3.310000
/bbs/Gossiping/M.1496126895.A.473.html download to ptt/Gossiping/21779_14.txt, time: 6.630000
/bbs/Gossiping/M.1496126960.A.33F.html download to ptt/Gossiping/21779_15.txt, time: 5.530000
/bbs/Gossiping/M.1496126962.A.03D.html download to ptt/Gossiping/21779_16.txt, time: 4.290000
/bbs/Gossiping/M.1496126983.A.C53.html download to ptt/Gossiping/21779_17.txt, time: 4.470000
/bbs/Gossiping/M.1496126993.A.B35.html download to ptt/Gossiping/21779_18.txt, time: 5.650000
/bbs/Gossiping/M.1496127022.A.505.html download to ptt/Gossiping/21779_19.txt, time: 4.370000
page 21778
/bbs/Gossiping/M.1496125937.A.60E.html download to ptt/Gossiping/21778_0.txt, time: 7.240000
/bbs/Gossiping/M.1496125948.A.158.html download to ptt/Gossiping/21778_1.txt, time: 5.040000
/bbs/Gossiping/M.1496125982.A.FBA.html download to ptt/Gossiping/21778_2.txt, time: 6.400000
/bbs/Gossiping/M.1496126039.A.1D1.html download to ptt/Gossiping/21778_3.txt, time: 5.090000
/bbs/Gossiping/M.1496126062.A.C5E.html download to ptt/Gossiping/21778_4.txt, time: 6.110000
/bbs/Gossiping/M.1496126103.A.6A4.html download to ptt/Gossiping/21778_5.txt, time: 4.720000
/bbs/Gossiping/M.1496126114.A.182.html download to ptt/Gossiping/21778_6.txt, time: 7.210000
/bbs/Gossiping/M.1496126151.A.318.html download to ptt/Gossiping/21778_7.txt, time: 4.510000
/bbs/Gossiping/M.1496126168.A.859.html download to ptt/Gossiping/21778_8.txt, time: 4.730000
/bbs/Gossiping/M.1496126193.A.916.html download to ptt/Gossiping/21778_9.txt, time: 3.550000
/bbs/Gossiping/M.1496126218.A.1D9.htmlTraceback (most recent call last):
  File "/home/studentyl/anaconda3/lib/python3.6/site-packages/requests/packages/urllib3/connectionpool.py", line 600, in urlopen
    chunked=chunked)
  File "/home/studentyl/anaconda3/lib/python3.6/site-packages/requests/packages/urllib3/connectionpool.py", line 386, in _make_request
    six.raise_from(e, None)
  File "<string>", line 2, in raise_from
  File "/home/studentyl/anaconda3/lib/python3.6/site-packages/requests/packages/urllib3/connectionpool.py", line 382, in _make_request
    httplib_response = conn.getresponse()
  File "/home/studentyl/anaconda3/lib/python3.6/http/client.py", line 1331, in getresponse
    response.begin()
  File "/home/studentyl/anaconda3/lib/python3.6/http/client.py", line 297, in begin
    version, status, reason = self._read_status()
  File "/home/studentyl/anaconda3/lib/python3.6/http/client.py", line 266, in _read_status
    raise RemoteDisconnected("Remote end closed connection without"
http.client.RemoteDisconnected: Remote end closed connection without response

During handling of the above exception, another exception occurred:

Traceback (most recent call last):
  File "/home/studentyl/anaconda3/lib/python3.6/site-packages/requests/adapters.py", line 438, in send
    timeout=timeout
  File "/home/studentyl/anaconda3/lib/python3.6/site-packages/requests/packages/urllib3/connectionpool.py", line 649, in urlopen
    _stacktrace=sys.exc_info()[2])
  File "/home/studentyl/anaconda3/lib/python3.6/site-packages/requests/packages/urllib3/util/retry.py", line 357, in increment
    raise six.reraise(type(error), error, _stacktrace)
  File "/home/studentyl/anaconda3/lib/python3.6/site-packages/requests/packages/urllib3/packages/six.py", line 685, in reraise
    raise value.with_traceback(tb)
  File "/home/studentyl/anaconda3/lib/python3.6/site-packages/requests/packages/urllib3/connectionpool.py", line 600, in urlopen
    chunked=chunked)
  File "/home/studentyl/anaconda3/lib/python3.6/site-packages/requests/packages/urllib3/connectionpool.py", line 386, in _make_request
    six.raise_from(e, None)
  File "<string>", line 2, in raise_from
  File "/home/studentyl/anaconda3/lib/python3.6/site-packages/requests/packages/urllib3/connectionpool.py", line 382, in _make_request
    httplib_response = conn.getresponse()
  File "/home/studentyl/anaconda3/lib/python3.6/http/client.py", line 1331, in getresponse
    response.begin()
  File "/home/studentyl/anaconda3/lib/python3.6/http/client.py", line 297, in begin
    version, status, reason = self._read_status()
  File "/home/studentyl/anaconda3/lib/python3.6/http/client.py", line 266, in _read_status
    raise RemoteDisconnected("Remote end closed connection without"
requests.packages.urllib3.exceptions.ProtocolError: ('Connection aborted.', RemoteDisconnected('Remote end closed connection without response',))

During handling of the above exception, another exception occurred:

Traceback (most recent call last):
  File "./crawler.py", line 177, in <module>
    main(sys.argv[1:])
  File "./crawler.py", line 158, in main
    downloadForum(forumName, startPage, pages)
  File "./crawler.py", line 140, in downloadForum
    downloadPage(str(articleCount), forumName, pageNum, 'https://www.ptt.cc'+link)
  File "./crawler.py", line 82, in downloadPage
    pageText = getPageText(link)
  File "./crawler.py", line 13, in getPageText
    pageText=requests.get(link, cookies={'over18':'1'}).text
  File "/home/studentyl/anaconda3/lib/python3.6/site-packages/requests/api.py", line 72, in get
    return request('get', url, params=params, **kwargs)
  File "/home/studentyl/anaconda3/lib/python3.6/site-packages/requests/api.py", line 58, in request
    return session.request(method=method, url=url, **kwargs)
  File "/home/studentyl/anaconda3/lib/python3.6/site-packages/requests/sessions.py", line 518, in request
    resp = self.send(prep, **send_kwargs)
  File "/home/studentyl/anaconda3/lib/python3.6/site-packages/requests/sessions.py", line 639, in send
    r = adapter.send(request, **kwargs)
  File "/home/studentyl/anaconda3/lib/python3.6/site-packages/requests/adapters.py", line 488, in send
    raise ConnectionError(err, request=request)
requests.exceptions.ConnectionError: ('Connection aborted.', RemoteDisconnected('Remote end closed connection without response',))
