page 22370
/bbs/Gossiping/M.1496503310.A.CD2.html download to ptt/Gossiping/22370_0.txt, time: 5.350000
empty download to ptt/Gossiping/22370_1.txt, time: 0.000000
empty download to ptt/Gossiping/22370_2.txt, time: 0.000000
/bbs/Gossiping/M.1496503350.A.66C.html download to ptt/Gossiping/22370_3.txt, time: 6.680000
/bbs/Gossiping/M.1496503406.A.CCF.html download to ptt/Gossiping/22370_4.txt, time: 4.300000
/bbs/Gossiping/M.1496503434.A.CA2.html download to ptt/Gossiping/22370_5.txt, time: 4.860000
/bbs/Gossiping/M.1496503460.A.6AE.html download to ptt/Gossiping/22370_6.txt, time: 7.180000
/bbs/Gossiping/M.1496503469.A.D0A.html download to ptt/Gossiping/22370_7.txt, time: 8.090000
/bbs/Gossiping/M.1496503492.A.B62.html download to ptt/Gossiping/22370_8.txt, time: 3.530000
/bbs/Gossiping/M.1496503502.A.560.html download to ptt/Gossiping/22370_9.txt, time: 4.100000
/bbs/Gossiping/M.1496503577.A.9E9.html download to ptt/Gossiping/22370_10.txt, time: 3.890000
/bbs/Gossiping/M.1496503613.A.093.html download to ptt/Gossiping/22370_11.txt, time: 5.130000
/bbs/Gossiping/M.1496503692.A.1C7.html download to ptt/Gossiping/22370_12.txt, time: 4.600000
/bbs/Gossiping/M.1496503693.A.578.html download to ptt/Gossiping/22370_13.txt, time: 6.540000
/bbs/Gossiping/M.1496503700.A.B58.html download to ptt/Gossiping/22370_14.txt, time: 6.530000
/bbs/Gossiping/M.1496503714.A.2D6.html download to ptt/Gossiping/22370_15.txt, time: 4.390000
/bbs/Gossiping/M.1496503741.A.514.html download to ptt/Gossiping/22370_16.txt, time: 4.420000
/bbs/Gossiping/M.1496503790.A.C6D.html download to ptt/Gossiping/22370_17.txt, time: 3.570000
/bbs/Gossiping/M.1496503794.A.CD4.html download to ptt/Gossiping/22370_18.txt, time: 3.820000
/bbs/Gossiping/M.1496503836.A.53C.html download to ptt/Gossiping/22370_19.txt, time: 3.470000
page 22369
/bbs/Gossiping/M.1496502770.A.8D1.html download to ptt/Gossiping/22369_0.txt, time: 4.330000
/bbs/Gossiping/M.1496502880.A.BB6.html download to ptt/Gossiping/22369_1.txt, time: 4.820000
/bbs/Gossiping/M.1496502885.A.134.html download to ptt/Gossiping/22369_2.txt, time: 4.800000
/bbs/Gossiping/M.1496502894.A.CAC.html download to ptt/Gossiping/22369_3.txt, time: 5.610000
/bbs/Gossiping/M.1496502902.A.0A7.html download to ptt/Gossiping/22369_4.txt, time: 5.060000
/bbs/Gossiping/M.1496502931.A.976.html download to ptt/Gossiping/22369_5.txt, time: 5.530000
empty download to ptt/Gossiping/22369_6.txt, time: 0.000000
/bbs/Gossiping/M.1496502940.A.967.html download to ptt/Gossiping/22369_7.txt, time: 4.320000
/bbs/Gossiping/M.1496502945.A.12B.html download to ptt/Gossiping/22369_8.txt, time: 3.630000
/bbs/Gossiping/M.1496503027.A.FF5.html download to ptt/Gossiping/22369_9.txt, time: 4.220000
/bbs/Gossiping/M.1496503034.A.A58.html download to ptt/Gossiping/22369_10.txt, time: 4.800000
/bbs/Gossiping/M.1496503071.A.EF0.html download to ptt/Gossiping/22369_11.txt, time: 3.840000
/bbs/Gossiping/M.1496503085.A.921.html download to ptt/Gossiping/22369_12.txt, time: 4.770000
/bbs/Gossiping/M.1496503092.A.DF4.html download to ptt/Gossiping/22369_13.txt, time: 5.250000
/bbs/Gossiping/M.1496503105.A.960.html download to ptt/Gossiping/22369_14.txt, time: 5.060000
/bbs/Gossiping/M.1496503128.A.5E6.html download to ptt/Gossiping/22369_15.txt, time: 4.140000
/bbs/Gossiping/M.1496503198.A.447.html download to ptt/Gossiping/22369_16.txt, time: 5.670000
/bbs/Gossiping/M.1496503201.A.289.html download to ptt/Gossiping/22369_17.txt, time: 3.290000
/bbs/Gossiping/M.1496503226.A.3C7.html download to ptt/Gossiping/22369_18.txt, time: 5.520000
/bbs/Gossiping/M.1496503274.A.F59.html download to ptt/Gossiping/22369_19.txt, time: 4.890000
page 22368
/bbs/Gossiping/M.1496502258.A.F1F.html download to ptt/Gossiping/22368_0.txt, time: 4.490000
/bbs/Gossiping/M.1496502304.A.EA6.html download to ptt/Gossiping/22368_1.txt, time: 6.010000
/bbs/Gossiping/M.1496502306.A.9EA.html download to ptt/Gossiping/22368_2.txt, time: 4.610000
/bbs/Gossiping/M.1496502316.A.027.html download to ptt/Gossiping/22368_3.txt, time: 6.070000
/bbs/Gossiping/M.1496502403.A.757.html download to ptt/Gossiping/22368_4.txt, time: 3.640000
/bbs/Gossiping/M.1496502414.A.BC7.html download to ptt/Gossiping/22368_5.txt, time: 5.650000
/bbs/Gossiping/M.1496502431.A.4E1.html download to ptt/Gossiping/22368_6.txt, time: 4.270000
/bbs/Gossiping/M.1496502481.A.BED.html download to ptt/Gossiping/22368_7.txt, time: 12.830000
/bbs/Gossiping/M.1496502506.A.877.html download to ptt/Gossiping/22368_8.txt, time: 5.480000
/bbs/Gossiping/M.1496502536.A.4E7.html download to ptt/Gossiping/22368_9.txt, time: 4.090000
/bbs/Gossiping/M.1496502546.A.F55.html download to ptt/Gossiping/22368_10.txt, time: 4.300000
/bbs/Gossiping/M.1496502586.A.A42.html download to ptt/Gossiping/22368_11.txt, time: 10.270000
/bbs/Gossiping/M.1496502598.A.D2D.html download to ptt/Gossiping/22368_12.txt, time: 6.110000
/bbs/Gossiping/M.1496502599.A.865.html download to ptt/Gossiping/22368_13.txt, time: 7.400000
/bbs/Gossiping/M.1496502609.A.421.html download to ptt/Gossiping/22368_14.txt, time: 3.690000
/bbs/Gossiping/M.1496502645.A.A96.html download to ptt/Gossiping/22368_15.txt, time: 3.760000
/bbs/Gossiping/M.1496502658.A.A52.html download to ptt/Gossiping/22368_16.txt, time: 5.390000
/bbs/Gossiping/M.1496502759.A.AB3.htmlTraceback (most recent call last):
  File "/home/studentyl/anaconda3/lib/python3.6/site-packages/requests/packages/urllib3/connectionpool.py", line 600, in urlopen
    chunked=chunked)
  File "/home/studentyl/anaconda3/lib/python3.6/site-packages/requests/packages/urllib3/connectionpool.py", line 386, in _make_request
    six.raise_from(e, None)
  File "<string>", line 2, in raise_from
  File "/home/studentyl/anaconda3/lib/python3.6/site-packages/requests/packages/urllib3/connectionpool.py", line 382, in _make_request
    httplib_response = conn.getresponse()
  File "/home/studentyl/anaconda3/lib/python3.6/http/client.py", line 1331, in getresponse
    response.begin()
  File "/home/studentyl/anaconda3/lib/python3.6/http/client.py", line 297, in begin
    version, status, reason = self._read_status()
  File "/home/studentyl/anaconda3/lib/python3.6/http/client.py", line 266, in _read_status
    raise RemoteDisconnected("Remote end closed connection without"
http.client.RemoteDisconnected: Remote end closed connection without response

During handling of the above exception, another exception occurred:

Traceback (most recent call last):
  File "/home/studentyl/anaconda3/lib/python3.6/site-packages/requests/adapters.py", line 438, in send
    timeout=timeout
  File "/home/studentyl/anaconda3/lib/python3.6/site-packages/requests/packages/urllib3/connectionpool.py", line 649, in urlopen
    _stacktrace=sys.exc_info()[2])
  File "/home/studentyl/anaconda3/lib/python3.6/site-packages/requests/packages/urllib3/util/retry.py", line 357, in increment
    raise six.reraise(type(error), error, _stacktrace)
  File "/home/studentyl/anaconda3/lib/python3.6/site-packages/requests/packages/urllib3/packages/six.py", line 685, in reraise
    raise value.with_traceback(tb)
  File "/home/studentyl/anaconda3/lib/python3.6/site-packages/requests/packages/urllib3/connectionpool.py", line 600, in urlopen
    chunked=chunked)
  File "/home/studentyl/anaconda3/lib/python3.6/site-packages/requests/packages/urllib3/connectionpool.py", line 386, in _make_request
    six.raise_from(e, None)
  File "<string>", line 2, in raise_from
  File "/home/studentyl/anaconda3/lib/python3.6/site-packages/requests/packages/urllib3/connectionpool.py", line 382, in _make_request
    httplib_response = conn.getresponse()
  File "/home/studentyl/anaconda3/lib/python3.6/http/client.py", line 1331, in getresponse
    response.begin()
  File "/home/studentyl/anaconda3/lib/python3.6/http/client.py", line 297, in begin
    version, status, reason = self._read_status()
  File "/home/studentyl/anaconda3/lib/python3.6/http/client.py", line 266, in _read_status
    raise RemoteDisconnected("Remote end closed connection without"
requests.packages.urllib3.exceptions.ProtocolError: ('Connection aborted.', RemoteDisconnected('Remote end closed connection without response',))

During handling of the above exception, another exception occurred:

Traceback (most recent call last):
  File "./crawler.py", line 177, in <module>
    main(sys.argv[1:])
  File "./crawler.py", line 158, in main
    downloadForum(forumName, startPage, pages)
  File "./crawler.py", line 140, in downloadForum
    downloadPage(str(articleCount), forumName, pageNum, 'https://www.ptt.cc'+link)
  File "./crawler.py", line 82, in downloadPage
    pageText = getPageText(link)
  File "./crawler.py", line 13, in getPageText
    pageText=requests.get(link, cookies={'over18':'1'}).text
  File "/home/studentyl/anaconda3/lib/python3.6/site-packages/requests/api.py", line 72, in get
    return request('get', url, params=params, **kwargs)
  File "/home/studentyl/anaconda3/lib/python3.6/site-packages/requests/api.py", line 58, in request
    return session.request(method=method, url=url, **kwargs)
  File "/home/studentyl/anaconda3/lib/python3.6/site-packages/requests/sessions.py", line 518, in request
    resp = self.send(prep, **send_kwargs)
  File "/home/studentyl/anaconda3/lib/python3.6/site-packages/requests/sessions.py", line 639, in send
    r = adapter.send(request, **kwargs)
  File "/home/studentyl/anaconda3/lib/python3.6/site-packages/requests/adapters.py", line 488, in send
    raise ConnectionError(err, request=request)
requests.exceptions.ConnectionError: ('Connection aborted.', RemoteDisconnected('Remote end closed connection without response',))
